<?xml version="1.0" encoding="UTF-8"?>
<testng-results ignored="0" total="1" passed="0" failed="1" skipped="0">
  <reporter-output>
  </reporter-output>
  <suite started-at="2025-04-03T21:11:29 IST" name="Suite" finished-at="2025-04-03T21:11:43 IST" duration-ms="13516">
    <groups>
      <group name="cucumber">
        <method signature="AbstractTestNGCucumberTests.runScenario(io.cucumber.testng.PickleWrapper,io.cucumber.testng.FeatureWrapper)[pri:0, instance:com.runner.runnerTestNG@34123d65]" name="runScenario" class="io.cucumber.testng.AbstractTestNGCucumberTests"/>
      </group> <!-- cucumber -->
    </groups>
    <test started-at="2025-04-03T21:11:29 IST" name="Test" finished-at="2025-04-03T21:11:43 IST" duration-ms="13516">
      <class name="com.runner.runnerTestNG">
        <test-method is-config="true" signature="setUpClass(org.testng.ITestContext)[pri:0, instance:com.runner.runnerTestNG@34123d65]" started-at="2025-04-03T21:11:29 IST" name="setUpClass" finished-at="2025-04-03T21:11:30 IST" duration-ms="1042" status="PASS">
          <params>
            <param index="0">
              <value>
                <![CDATA[org.testng.TestRunner@aa1bb14]]>
              </value>
            </param>
          </params>
          <reporter-output>
          </reporter-output>
        </test-method> <!-- setUpClass -->
        <test-method signature="runScenario(io.cucumber.testng.PickleWrapper,io.cucumber.testng.FeatureWrapper)[pri:0, instance:com.runner.runnerTestNG@34123d65]" started-at="2025-04-03T21:11:30 IST" name="runScenario" description="Runs Cucumber Scenarios" data-provider="scenarios" finished-at="2025-04-03T21:11:39 IST" duration-ms="8320" status="FAIL">
          <params>
            <param index="0">
              <value>
                <![CDATA["Login with valid credentials"]]>
              </value>
            </param>
            <param index="1">
              <value>
                <![CDATA["Login to HRM Application"]]>
              </value>
            </param>
          </params>
          <exception class="java.lang.NullPointerException">
            <message>
              <![CDATA[inStream parameter is null]]>
            </message>
            <full-stacktrace>
              <![CDATA[java.lang.NullPointerException: inStream parameter is null
at java.base/java.util.Objects.requireNonNull(Objects.java:259)
at java.base/java.util.Properties.load(Properties.java:408)
at com.actions.LoginPageActions.login(LoginPageActions.java:58)
at com.definitions.LoginPageDefinitions.goToHomePage(LoginPageDefinitions.java:26)
at ✽.User enters username and password(file:///C:/Users/saran/git/Cucumber_Project_Structure/Cucumber_Project_Structure/src/test/resources/features/LoginPage.feature:6)
]]>
            </full-stacktrace>
          </exception> <!-- java.lang.NullPointerException -->
          <reporter-output>
          </reporter-output>
        </test-method> <!-- runScenario -->
        <test-method is-config="true" signature="tearDownClass()[pri:0, instance:com.runner.runnerTestNG@34123d65]" started-at="2025-04-03T21:11:39 IST" name="tearDownClass" finished-at="2025-04-03T21:11:43 IST" duration-ms="4067" status="PASS">
          <reporter-output>
          </reporter-output>
        </test-method> <!-- tearDownClass -->
      </class> <!-- com.runner.runnerTestNG -->
    </test> <!-- Test -->
  </suite> <!-- Suite -->
</testng-results>
