<?xml version="1.0" encoding="UTF-8"?>
<!-- Generated by org.testng.reporters.JUnitReportReporter -->
<testsuite hostname="Saranya" failures="0" tests="1" name="com.runner.runnerTestNG" time="8.320" errors="1" timestamp="2025-04-03T21:11:43 IST" skipped="0">
  <testcase classname="com.runner.runnerTestNG" name="runScenario" time="8.320">
    <error message="inStream parameter is null" type="java.lang.NullPointerException">
      <![CDATA[java.lang.NullPointerException: inStream parameter is null
at java.base/java.util.Objects.requireNonNull(Objects.java:259)
at java.base/java.util.Properties.load(Properties.java:408)
at com.actions.LoginPageActions.login(LoginPageActions.java:58)
at com.definitions.LoginPageDefinitions.goToHomePage(LoginPageDefinitions.java:26)
at ✽.User enters username and password(file:///C:/Users/saran/git/Cucumber_Project_Structure/Cucumber_Project_Structure/src/test/resources/features/LoginPage.feature:6)
]]>
    </error>
  </testcase> <!-- runScenario -->
</testsuite> <!-- com.runner.runnerTestNG -->
